::1 - - [06/Sep/2025:11:56:14 +0000] "POST /api/auth/login HTTP/1.1" 200 826 "-" "PostmanRuntime/7.45.0"
::1 - - [15/Sep/2025:12:18:06 +0000] "POST /api/auth/signUp HTTP/1.1" 409 303 "-" "PostmanRuntime/7.46.0"
::1 - - [15/Sep/2025:12:18:24 +0000] "POST /api/auth/login HTTP/1.1" 200 814 "-" "PostmanRuntime/7.46.0"
::1 - - [15/Sep/2025:12:20:27 +0000] "POST /api/auth/login HTTP/1.1" 200 814 "-" "PostmanRuntime/7.46.0"
::1 - - [04/Oct/2025:14:13:03 +0000] "POST /api/auth/login HTTP/1.1" 401 312 "-" "PostmanRuntime/7.48.0"
::1 - - [04/Oct/2025:14:13:51 +0000] "POST /api/auth/signUp HTTP/1.1" 201 49 "-" "PostmanRuntime/7.48.0"
::1 - - [04/Oct/2025:14:14:06 +0000] "POST /api/auth/login HTTP/1.1" 401 81 "-" "PostmanRuntime/7.48.0"
::1 - - [04/Oct/2025:14:15:14 +0000] "POST /api/auth/login HTTP/1.1" 200 814 "-" "PostmanRuntime/7.48.0"
::1 - - [12/Oct/2025:22:21:13 +0000] "POST /api/auth/loginWithGmail HTTP/1.1" 500 1339 "-" "PostmanRuntime/7.48.0"
::1 - - [12/Oct/2025:22:21:39 +0000] "POST /api/auth/loginWithGmail HTTP/1.1" 500 1339 "-" "PostmanRuntime/7.48.0"
::1 - - [12/Oct/2025:22:31:24 +0000] "POST /api/auth/loginWithGmail HTTP/1.1" 500 370 "-" "PostmanRuntime/7.48.0"
::1 - - [12/Oct/2025:22:32:14 +0000] "POST /api/auth/loginWithGmail HTTP/1.1" 500 370 "-" "PostmanRuntime/7.48.0"
::1 - - [12/Oct/2025:22:33:31 +0000] "POST /api/auth/loginWithGmail HTTP/1.1" 500 364 "-" "PostmanRuntime/7.48.0"
::1 - - [12/Oct/2025:22:34:26 +0000] "POST /api/auth/loginWithGmail HTTP/1.1" 500 364 "-" "PostmanRuntime/7.48.0"
::1 - - [12/Oct/2025:22:35:01 +0000] "POST /api/auth/loginWithGmail HTTP/1.1" 500 364 "-" "PostmanRuntime/7.48.0"
::1 - - [12/Oct/2025:22:35:10 +0000] "POST /api/auth/loginWithGmail HTTP/1.1" 500 364 "-" "PostmanRuntime/7.48.0"
::1 - - [12/Oct/2025:22:36:44 +0000] "POST /api/auth/loginWithGmail HTTP/1.1" 201 549 "-" "PostmanRuntime/7.48.0"
::1 - - [12/Oct/2025:23:19:14 +0000] "POST /api/auth/loginWithGmail HTTP/1.1" 201 549 "http://localhost:5500/" "Mozilla/5.0 (Windows NT 10.0; Win64; x64) AppleWebKit/537.36 (KHTML, like Gecko) Chrome/141.0.0.0 Safari/537.36"
::1 - - [13/Oct/2025:00:32:26 +0000] "POST /api/auth/loginWithGmail HTTP/1.1" 201 549 "http://localhost:5500/" "Mozilla/5.0 (Windows NT 10.0; Win64; x64) AppleWebKit/537.36 (KHTML, like Gecko) Chrome/141.0.0.0 Safari/537.36"
::1 - - [13/Oct/2025:01:20:51 +0000] "POST /api/auth/loginWithGmail HTTP/1.1" 200 839 "http://localhost:5500/" "Mozilla/5.0 (Windows NT 10.0; Win64; x64) AppleWebKit/537.36 (KHTML, like Gecko) Chrome/141.0.0.0 Safari/537.36"
